Using pre-set license
Built from '2020.3/staging' branch; Version is '2020.3.8f1 (507919d4fff5) revision 5273881'; Using compiler version '192528614'; Build Type 'Release'
OS: 'Windows 10 Education; OS build 19042.1052; Version 2009; 64bit' Language: 'en' Physical Memory: 16313 MB
BatchMode: 1, IsHumanControllingUs: 0, StartBugReporterOnCrash: 0, Is64bit: 1, IsPro: 0

 COMMAND LINE ARGUMENTS:
C:\Unity Projects\2020.3.8f1\Editor\Unity.exe
-adb2
-batchMode
-noUpm
-name
AssetImportWorker0
-projectPath
C:/Unity Projects/New Unity Project
-logFile
Logs/AssetImportWorker0.log
-srvPort
62067
Successfully changed project path to: C:/Unity Projects/New Unity Project
C:/Unity Projects/New Unity Project
Using Asset Import Pipeline V2.
Refreshing native plugins compatible for Editor in 23.07 ms, found 2 plugins.
Preloading 0 native plugins for Editor in 0.00 ms.
Initialize engine version: 2020.3.8f1 (507919d4fff5)
[Subsystems] Discovering subsystems at path C:/Unity Projects/2020.3.8f1/Editor/Data/Resources/UnitySubsystems
[Subsystems] Discovering subsystems at path C:/Unity Projects/New Unity Project/Assets
GfxDevice: creating device client; threaded=0
Direct3D:
    Version:  Direct3D 11.0 [level 11.1]
    Renderer: NVIDIA GeForce GTX 1080 Ti (ID=0x1b06)
    Vendor:   
    VRAM:     11127 MB
    Driver:   27.21.14.6677
Initialize mono
Mono path[0] = 'C:/Unity Projects/2020.3.8f1/Editor/Data/Managed'
Mono path[1] = 'C:/Unity Projects/2020.3.8f1/Editor/Data/MonoBleedingEdge/lib/mono/unityjit'
Mono config path = 'C:/Unity Projects/2020.3.8f1/Editor/Data/MonoBleedingEdge/etc'
Using monoOptions --debugger-agent=transport=dt_socket,embedding=1,server=y,suspend=n,address=127.0.0.1:56804
Begin MonoManager ReloadAssembly
Registering precompiled unity dll's ...
Register platform support module: C:/Unity Projects/2020.3.8f1/Editor/Data/PlaybackEngines/WindowsStandaloneSupport/UnityEditor.WindowsStandalone.Extensions.dll
Registered in 0.001936 seconds.
Native extension for WindowsStandalone target not found
Refreshing native plugins compatible for Editor in 21.79 ms, found 2 plugins.
Preloading 0 native plugins for Editor in 0.00 ms.
Mono: successfully reloaded assembly
- Completed reload, in  0.969 seconds
Platform modules already initialized, skipping
Registering precompiled user dll's ...
Registered in 0.001439 seconds.
Begin MonoManager ReloadAssembly
Native extension for WindowsStandalone target not found
Refreshing native plugins compatible for Editor in 0.27 ms, found 2 plugins.
Preloading 0 native plugins for Editor in 0.00 ms.
Mono: successfully reloaded assembly
- Completed reload, in  0.735 seconds
Platform modules already initialized, skipping
========================================================================
Worker process is ready to serve import requests
Launched and connected shader compiler UnityShaderCompiler.exe after 0.04 seconds
Refreshing native plugins compatible for Editor in 0.22 ms, found 2 plugins.
Preloading 0 native plugins for Editor in 0.00 ms.
Unloading 1146 Unused Serialized files (Serialized files now loaded: 0)
System memory in use before: 85.5 MB.
System memory in use after: 85.5 MB.

Unloading 14 unused Assets to reduce memory usage. Loaded Objects now: 1592.
Total: 2.298400 ms (FindLiveObjects: 0.406200 ms CreateObjectMapping: 0.085800 ms MarkObjects: 1.723700 ms  DeleteObjects: 0.081200 ms)

========================================================================
Received Import Request.
  path: Assets/OpenHaptics/HapticPrefabs/HapticDeviceWithGrabber.prefab
  artifactKey: Guid(7cdb4dbd1f8f22a4a9a363f1a23b8217) Importer(815301076,1909f56bfc062723c751e8b465ee728b)
Start importing Assets/OpenHaptics/HapticPrefabs/HapticDeviceWithGrabber.prefab using Guid(7cdb4dbd1f8f22a4a9a363f1a23b8217) Importer(815301076,1909f56bfc062723c751e8b465ee728b)  -> (artifact id: '300ad9e5c8eaf28afab7be0c7f79046f') in 0.101027 seconds
  Import took 0.103968 seconds .

========================================================================
Received Import Request.
  Time since last request: 4.643181 seconds.
  path: Assets/OpenHaptics/HapticPrefabs/MorePrefabs/Grabber.prefab
  artifactKey: Guid(984c931d79a564344be3ecb57785fe28) Importer(815301076,1909f56bfc062723c751e8b465ee728b)
Start importing Assets/OpenHaptics/HapticPrefabs/MorePrefabs/Grabber.prefab using Guid(984c931d79a564344be3ecb57785fe28) Importer(815301076,1909f56bfc062723c751e8b465ee728b)  -> (artifact id: '15c0a88f1faf9e8e62c36d4a05ed9b35') in 0.018498 seconds
  Import took 0.020812 seconds .

========================================================================
Received Prepare
Registering precompiled user dll's ...
Registered in 0.001553 seconds.
Begin MonoManager ReloadAssembly
Native extension for WindowsStandalone target not found
Refreshing native plugins compatible for Editor in 0.23 ms, found 2 plugins.
Preloading 0 native plugins for Editor in 0.00 ms.
Mono: successfully reloaded assembly
- Completed reload, in  0.770 seconds
Platform modules already initialized, skipping
Refreshing native plugins compatible for Editor in 0.23 ms, found 2 plugins.
Preloading 0 native plugins for Editor in 0.00 ms.
Unloading 1141 Unused Serialized files (Serialized files now loaded: 0)
System memory in use before: 88.6 MB.
System memory in use after: 88.7 MB.

Unloading 9 unused Assets to reduce memory usage. Loaded Objects now: 1604.
Total: 1.512900 ms (FindLiveObjects: 0.121900 ms CreateObjectMapping: 0.025300 ms MarkObjects: 1.320200 ms  DeleteObjects: 0.044700 ms)

AssetImportWorkerClient::OnTransportError - code=2 error=End of file
